<?xml version="1.0" encoding="UTF-8"?>
<!-- Generated by org.testng.reporters.JUnitXMLReporter -->
<testsuite ignored="0" hostname="DESKTOP-6EM4TNO" failures="0" tests="2" name="Surefire test" time="3.064" errors="0" timestamp="2026-06-27T20:06:41 IST">
  <testcase classname="com.banking.api.automation.tests.LoanApplicationTests" name="testCreateLoanApplicationSuccessfully" time="2.99"/>
  <testcase classname="com.banking.api.automation.tests.LoanApplicationTests" name="testCreateLoanWithInsufficientIncome" time="0.035"/>
</testsuite> <!-- Surefire test -->
