<?xml version="1.0" encoding="UTF-8"?>
<testsuite xmlns:xsi="http://www.w3.org/2001/XMLSchema-instance" xsi:noNamespaceSchemaLocation="https://maven.apache.org/surefire/maven-surefire-plugin/xsd/surefire-test-report.xsd" name="TestSuite" time="3.108" tests="4" errors="0" skipped="0" failures="0">
  <properties>
[...]
</properties>
  <testcase name="testGetLoanApplicationById" classname="com.banking.api.automation.tests.LoanApplicationTests" time="1.758"/>
  <testcase name="testApproveLoanSuccessfully" classname="com.banking.api.automation.tests.LoanApprovalTests" time="0.064"/>
  <testcase name="testEMICalculationAccuracy" classname="com.banking.api.automation.tests.EMICalculationTests" time="0.114"/>
  <testcase name="testEMICalculationDataValidation" classname="com.banking.api.automation.tests.DatabaseValidationTests" time="0.092"/>
</testsuite>