<?xml version="1.0" encoding="UTF-8"?>
<testng-results ignored="0" total="4" passed="4" failed="0" skipped="0">
  <reporter-output>
  </reporter-output>
  <suite started-at="2026-08-20T23:20:11 IST" name="Banking Loan Management API Automation Suite" finished-at="2026-08-20T23:20:13 IST" duration-ms="2316">
    <groups>
      <group name="regression">
        <method signature="LoanApplicationTests.testGetLoanApplicationById()[pri:3, instance:com.banking.api.automation.tests.LoanApplicationTests@29626d54]" name="testGetLoanApplicationById" class="com.banking.api.automation.tests.LoanApplicationTests"/>
        <method signature="LoanApprovalTests.testApproveLoanSuccessfully()[pri:1, instance:com.banking.api.automation.tests.LoanApprovalTests@6a192cfe]" name="testApproveLoanSuccessfully" class="com.banking.api.automation.tests.LoanApprovalTests"/>
        <method signature="EMICalculationTests.testEMICalculationAccuracy()[pri:1, instance:com.banking.api.automation.tests.EMICalculationTests@1dde4cb2]" name="testEMICalculationAccuracy" class="com.banking.api.automation.tests.EMICalculationTests"/>
        <method signature="DatabaseValidationTests.testEMICalculationDataValidation()[pri:4, instance:com.banking.api.automation.tests.DatabaseValidationTests@55b7a4e0]" name="testEMICalculationDataValidation" class="com.banking.api.automation.tests.DatabaseValidationTests"/>
      </group> <!-- regression -->
      <group name="smoke">
        <method signature="LoanApplicationTests.testGetLoanApplicationById()[pri:3, instance:com.banking.api.automation.tests.LoanApplicationTests@29626d54]" name="testGetLoanApplicationById" class="com.banking.api.automation.tests.LoanApplicationTests"/>
        <method signature="LoanApprovalTests.testApproveLoanSuccessfully()[pri:1, instance:com.banking.api.automation.tests.LoanApprovalTests@6a192cfe]" name="testApproveLoanSuccessfully" class="com.banking.api.automation.tests.LoanApprovalTests"/>
        <method signature="EMICalculationTests.testEMICalculationAccuracy()[pri:1, instance:com.banking.api.automation.tests.EMICalculationTests@1dde4cb2]" name="testEMICalculationAccuracy" class="com.banking.api.automation.tests.EMICalculationTests"/>
        <method signature="DatabaseValidationTests.testEMICalculationDataValidation()[pri:4, instance:com.banking.api.automation.tests.DatabaseValidationTests@55b7a4e0]" name="testEMICalculationDataValidation" class="com.banking.api.automation.tests.DatabaseValidationTests"/>
      </group> <!-- smoke -->
    </groups>
    <test started-at="2026-08-20T23:20:11 IST" name="Loan Application Tests" finished-at="2026-08-20T23:20:13 IST" duration-ms="1793">
      <class name="com.banking.api.automation.tests.LoanApplicationTests">
        <test-method signature="testGetLoanApplicationById()[pri:3, instance:com.banking.api.automation.tests.LoanApplicationTests@29626d54]" started-at="2026-08-20T23:20:11 IST" name="testGetLoanApplicationById" finished-at="2026-08-20T23:20:13 IST" duration-ms="1770" status="PASS">
          <reporter-output>
          </reporter-output>
        </test-method> <!-- testGetLoanApplicationById -->
      </class> <!-- com.banking.api.automation.tests.LoanApplicationTests -->
    </test> <!-- Loan Application Tests -->
    <test started-at="2026-08-20T23:20:13 IST" name="Loan Approval Tests" finished-at="2026-08-20T23:20:13 IST" duration-ms="61">
      <class name="com.banking.api.automation.tests.LoanApprovalTests">
        <test-method signature="testApproveLoanSuccessfully()[pri:1, instance:com.banking.api.automation.tests.LoanApprovalTests@6a192cfe]" started-at="2026-08-20T23:20:13 IST" name="testApproveLoanSuccessfully" finished-at="2026-08-20T23:20:13 IST" duration-ms="61" status="PASS">
          <reporter-output>
          </reporter-output>
        </test-method> <!-- testApproveLoanSuccessfully -->
      </class> <!-- com.banking.api.automation.tests.LoanApprovalTests -->
    </test> <!-- Loan Approval Tests -->
    <test started-at="2026-08-20T23:20:13 IST" name="EMI Calculation Tests" finished-at="2026-08-20T23:20:13 IST" duration-ms="96">
      <class name="com.banking.api.automation.tests.EMICalculationTests">
        <test-method signature="testEMICalculationAccuracy()[pri:1, instance:com.banking.api.automation.tests.EMICalculationTests@1dde4cb2]" started-at="2026-08-20T23:20:13 IST" name="testEMICalculationAccuracy" finished-at="2026-08-20T23:20:13 IST" duration-ms="94" status="PASS">
          <reporter-output>
          </reporter-output>
        </test-method> <!-- testEMICalculationAccuracy -->
      </class> <!-- com.banking.api.automation.tests.EMICalculationTests -->
    </test> <!-- EMI Calculation Tests -->
    <test started-at="2026-08-20T23:20:13 IST" name="Database Validation Tests" finished-at="2026-08-20T23:20:13 IST" duration-ms="69">
      <class name="com.banking.api.automation.tests.DatabaseValidationTests">
        <test-method is-config="true" signature="setupSuite()[pri:0, instance:com.banking.api.automation.tests.DatabaseValidationTests@55b7a4e0]" started-at="2026-08-20T23:20:10 IST" name="setupSuite" finished-at="2026-08-20T23:20:11 IST" duration-ms="666" status="PASS">
          <reporter-output>
          </reporter-output>
        </test-method> <!-- setupSuite -->
        <test-method signature="testEMICalculationDataValidation()[pri:4, instance:com.banking.api.automation.tests.DatabaseValidationTests@55b7a4e0]" started-at="2026-08-20T23:20:13 IST" name="testEMICalculationDataValidation" description="EMI calculation should return all required fields" finished-at="2026-08-20T23:20:13 IST" duration-ms="67" status="PASS">
          <reporter-output>
          </reporter-output>
        </test-method> <!-- testEMICalculationDataValidation -->
        <test-method is-config="true" signature="tearDownSuite()[pri:0, instance:com.banking.api.automation.tests.DatabaseValidationTests@55b7a4e0]" started-at="2026-08-20T23:20:13 IST" name="tearDownSuite" finished-at="2026-08-20T23:20:13 IST" duration-ms="15" status="PASS">
          <reporter-output>
          </reporter-output>
        </test-method> <!-- tearDownSuite -->
      </class> <!-- com.banking.api.automation.tests.DatabaseValidationTests -->
    </test> <!-- Database Validation Tests -->
  </suite> <!-- Banking Loan Management API Automation Suite -->
</testng-results>
