<?xml version="1.0" encoding="UTF-8"?>
<!-- Generated by org.testng.reporters.JUnitReportReporter -->
<testsuite hostname="DESKTOP-6EM4TNO" failures="0" tests="1" name="com.banking.api.automation.tests.DatabaseValidationTests" time="0.105" errors="0" timestamp="2026-08-20T00:07:06 IST" skipped="0">
  <testcase classname="com.banking.api.automation.tests.DatabaseValidationTests" name="testEMICalculationDataValidation" time="0.105"/>
  <system-out/>
</testsuite> <!-- com.banking.api.automation.tests.DatabaseValidationTests -->
