<?xml version="1.0" encoding="UTF-8"?>
<!-- Generated by org.testng.reporters.JUnitReportReporter -->
<testsuite hostname="DESKTOP-6EM4TNO" failures="0" tests="1" name="com.banking.api.automation.tests.LoanApprovalTests" time="0.065" errors="0" timestamp="2026-08-19T22:55:22 IST" skipped="0">
  <testcase classname="com.banking.api.automation.tests.LoanApprovalTests" name="testApproveLoanSuccessfully" time="0.065"/>
  <system-out/>
</testsuite> <!-- com.banking.api.automation.tests.LoanApprovalTests -->
