<?xml version="1.0" encoding="UTF-8"?>
<!-- Generated by org.testng.reporters.JUnitReportReporter -->
<testsuite hostname="DESKTOP-6EM4TNO" failures="0" tests="1" name="com.banking.api.automation.tests.LoanApplicationTests" time="1.768" errors="0" timestamp="2026-08-20T15:00:07 IST" skipped="0">
  <testcase classname="com.banking.api.automation.tests.LoanApplicationTests" name="testGetLoanApplicationById" time="1.768"/>
  <system-out/>
</testsuite> <!-- com.banking.api.automation.tests.LoanApplicationTests -->
