<?xml version="1.0" encoding="UTF-8"?>
<!-- Generated by org.testng.reporters.JUnitReportReporter -->
<testsuite hostname="DESKTOP-6EM4TNO" failures="0" tests="1" name="com.banking.api.automation.tests.LoanApplicationTests" time="1.753" errors="0" timestamp="2026-06-30T18:21:38 IST" skipped="0">
  <testcase classname="com.banking.api.automation.tests.LoanApplicationTests" name="testGetLoanApplicationById" time="1.753"/>
  <system-out/>
</testsuite> <!-- com.banking.api.automation.tests.LoanApplicationTests -->
